<?xml version="1.0" encoding="UTF-8"?>
<!-- Generated by org.testng.reporters.JUnitReportReporter -->
<testsuite hostname="LAPTOP-29INVL2B" failures="0" tests="3" name="tests.OrderNowDonutsTests" time="133.162" errors="0" timestamp="2023-03-16T08:55:01 GMT" skipped="0">
  <testcase classname="tests.OrderNowDonutsTests" name="pickDonutsLuxury" time="43.022"/>
  <system-out/>
  <testcase classname="tests.OrderNowDonutsTests" name="pickDonutsEconomy" time="45.401"/>
  <system-out/>
  <testcase classname="tests.OrderNowDonutsTests" name="pickDonutsHungry" time="44.739"/>
  <system-out/>
</testsuite> <!-- tests.OrderNowDonutsTests -->
